
r: 647, 648

v: 647, 493


 => 493


r: 639, 640

v: 639, 1563852


 => 1563852


r: 280, 281

v: 280, 81


 => 81


r: 137, 138


r: 303, 304


r: 698, 699

v: 698, 3032677


 => 3032677


r: 101, 102

v: 101, 16384


 => 16384


r: 639, 640

v: 639, 1563852


 => 1563852


r: 138, 139

v: 138, 162


 => 162


r: 323, 324

v: 323, 1250


 => 1250


r: 961, 962

v: 961, 16


 => 16


r: 97, 98

v: 97, 17879521710


 => 17879521710


r: 944, 945

v: 944, 668168


 => 668168


r: 710, 711

v: 710, 58564


 => 58564


r: 822, 823

v: 822, 4789575


 => 4789575


r: 60, 61

v: 60, 32


 => 32


r: 200, 201

v: 200, 1272145


 => 1272145


r: 768, 769

v: 768, 16


 => 16


r: 127, 128

v: 127, 2500


 => 2500


r: 893, 894

v: 893, 14365


 => 14365


r: 828, 829

v: 828, 768


 => 768


r: 211, 212

v: 211, 243


 => 243


r: 312, 313

v: 312, 232


 => 232


r: 959, 960

v: 959, 188567


 => 188567


r: 424, 425

v: 424, 243


 => 243


r: 446, 447

v: 446, 1


 => 1


r: 682, 683

v: 682, 16


 => 16


r: 363, 364

v: 363, 51834


 => 51834


r: 95, 96

v: 95, 1


 => 1


r: 311, 312

v: 311, 512


 => 512


r: 995, 996

v: 995, 32


 => 32


r: 426, 427

v: 426, 1


 => 1


r: 362, 363

v: 362, 1602768


 => 1602768


r: 817, 818

v: 817, 16


 => 16


r: 898, 899

v: 898, 3888


 => 3888


r: 829, 830

v: 829, 49791


 => 49791


r: 227, 228

v: 227, 81


 => 81


r: 391, 392

v: 391, 16


 => 16


r: 927, 928

v: 927, 1024


 => 1024


r: 966, 967

v: 966, 32


 => 32


r: 181, 182

v: 181, 1024


 => 1024


r: 881, 882

v: 881, 243


 => 243


r: 633, 634

v: 633, 768


 => 768


r: 52, 53

v: 52, 15620


 => 15620


r: 903, 904

v: 903, 106132507


 => 106132507


r: 791, 792

v: 791, 6480


 => 6480


r: 103, 104

v: 103, 1024


 => 1024


r: 36, 37

v: 36, 86214


 => 86214


r: 909, 910

v: 909, 5184


 => 5184


r: 688, 689

v: 688, 32


 => 32


r: 743, 744

v: 743, 2333772


 => 2333772


r: 90, 91

v: 90, 11572


 => 11572


r: 404, 405

v: 404, 1


 => 1


r: 483, 484

v: 483, 1


 => 1


r: 80, 81

v: 80, 18549


 => 18549


r: 123, 124

v: 123, 58564


 => 58564


r: 117, 118

v: 117, 16


 => 16


r: 960, 961


r: 58, 59

v: 58, 40832


 => 40832


r: 558, 559

v: 558, 137424484


 => 137424484


r: 514, 515

v: 514, 14300704


 => 14300704


r: 718, 719

v: 718, 1250


 => 1250


r: 27, 28

v: 27, 799


 => 799


r: 722, 723

v: 722, 162


 => 162


r: 733, 734

v: 733, 524288


 => 524288


r: 178, 179

v: 178, 32


 => 32


r: 575, 576

v: 575, 1890550


 => 1890550


r: 370, 371

v: 370, 232


 => 232


r: 980, 981

v: 980, 1641562


 => 1641562


r: 649, 650

v: 649, 10250


 => 10250


r: 241, 242

v: 241, 2592


 => 2592


r: 188, 189

v: 188, 9807648


 => 9807648


r: 500, 501

v: 500, 32


 => 32


r: 395, 396

v: 395, 60000


 => 60000


r: 456, 457


r: 320, 321

v: 320, 186972


 => 186972


r: 640, 641

v: 640, 4444


 => 4444


r: 342, 343

v: 342, 1


 => 1


r: 326, 327

v: 326, 2403


 => 2403


r: 470, 471

v: 470, 384160


 => 384160


r: 319, 320

v: 319, 1875


 => 1875


r: 637, 638

v: 637, 512


 => 512


r: 73, 74

v: 73, 40695056


 => 40695056


r: 937, 938

v: 937, 124416


 => 124416


r: 107, 108

v: 107, 5184


 => 5184


r: 339, 340

v: 339, 722


 => 722


r: 99, 100

v: 99, 16


 => 16


r: 31, 32

v: 31, 18001189


 => 18001189


r: 270, 271

v: 270, 162


 => 162


r: 704, 705

v: 704, 66773520


 => 66773520


r: 772, 773


r: 206, 207

v: 206, 3268760


 => 3268760


r: 63, 64

v: 63, 2592


 => 2592


r: 216, 217

v: 216, 108


 => 108


r: 686, 687

v: 686, 2500


 => 2500


r: 562, 563

v: 562, 506250


 => 506250


r: 783, 784

v: 783, 1024


 => 1024


r: 89, 90

v: 89, 26480766


 => 26480766


r: 855, 856

v: 855, 76832


 => 76832


r: 665, 666

v: 665, 1


 => 1


r: 830, 831

v: 830, 1024


 => 1024


r: 252, 253

v: 252, 1


 => 1


r: 854, 855

v: 854, 1258478387


 => 1258478387


r: 12, 13

v: 12, 317


 => 317


r: 738, 739

v: 738, 1370681


 => 1370681


r: 851, 852

v: 851, 4025


 => 4025


r: 459, 460

v: 459, 94054


 => 94054


r: 21, 22

v: 21, 9925


 => 9925


r: 781, 782

v: 781, 19029


 => 19029


r: 582, 583

v: 582, 47491885


 => 47491885


r: 947, 948

v: 947, 40000


 => 40000


r: 552, 553

v: 552, 209933388


 => 209933388


r: 858, 859

v: 858, 162


 => 162


r: 163, 164

v: 163, 3888


 => 3888


r: 469, 470

v: 469, 768


 => 768


r: 314, 315

v: 314, 512


 => 512


r: 175, 176

v: 175, 1


 => 1


r: 506, 507

v: 506, 76569


 => 76569


r: 340, 341

v: 340, 7776


 => 7776


r: 523, 524

v: 523, 3125


 => 3125


r: 306, 307

v: 306, 27269874


 => 27269874


r: 756, 757

v: 756, 5004


 => 5004


r: 982, 983

v: 982, 16384


 => 16384


r: 776, 777

v: 776, 1024


 => 1024


r: 594, 595

v: 594, 17546899


 => 17546899


r: 988, 989

v: 988, 100000


 => 100000


r: 528, 529

v: 528, 243


 => 243


r: 444, 445

v: 444, 187328


 => 187328


r: 248, 249

v: 248, 35148892


 => 35148892


r: 521, 522

v: 521, 308833


 => 308833


r: 983, 984

v: 983, 1250


 => 1250


r: 530, 531

v: 530, 2333772


 => 2333772


r: 462, 463

v: 462, 16


 => 16


r: 651, 652

v: 651, 32768


 => 32768


r: 33, 34

v: 33, 23654


 => 23654


r: 965, 966

v: 965, 158881564


 => 158881564


r: 463, 464


r: 796, 797

v: 796, 162


 => 162


r: 790, 791

v: 790, 1


 => 1


r: 804, 805

v: 804, 9604


 => 9604


r: 735, 736

v: 735, 512


 => 512


r: 736, 737

v: 736, 32


 => 32


r: 308, 309

v: 308, 207622


 => 207622


r: 476, 477

v: 476, 1223042310


 => 1223042310


r: 753, 754

v: 753, 16


 => 16


r: 225, 226

v: 225, 16384


 => 16384


r: 142, 143

v: 142, 162


 => 162


r: 144, 145


r: 82, 83

v: 82, 57529670


 => 57529670


r: 136, 137

v: 136, 768


 => 768


r: 892, 893

v: 892, 11085600


 => 11085600


r: 668, 669

v: 668, 162


 => 162


r: 716, 717

v: 716, 162


 => 162


r: 98, 99

v: 98, 512


 => 512


r: 660, 661

v: 660, 32


 => 32


r: 533, 534

v: 533, 32


 => 32


r: 271, 272

v: 271, 35609814


 => 35609814


r: 111, 112

v: 111, 3888


 => 3888


r: 453, 454

v: 453, 256


 => 256


r: 399, 400

v: 399, 1


 => 1


r: 785, 786

v: 785, 1024


 => 1024


r: 588, 589

v: 588, 243


 => 243


r: 77, 78

v: 77, 25762


 => 25762


r: 364, 365

v: 364, 512


 => 512


r: 806, 807

v: 806, 506250


 => 506250


r: 445, 446

v: 445, 987


 => 987


r: 502, 503

v: 502, 1


 => 1


r: 915, 916

v: 915, 5452037


 => 5452037


r: 573, 574

v: 573, 16


 => 16


r: 622, 623

v: 622, 484224


 => 484224


r: 467, 468

v: 467, 52614918


 => 52614918


r: 125, 126

v: 125, 54038


 => 54038


r: 389, 390

v: 389, 1


 => 1


r: 720, 721

v: 720, 104204


 => 104204


r: 26, 27

v: 26, 177434880


 => 177434880


r: 3, 4

v: 3, 95120


 => 95120


r: 524, 525

v: 524, 81


 => 81


r: 764, 765

v: 764, 1632


 => 1632


r: 787, 788

v: 787, 768


 => 768


r: 492, 493

v: 492, 243


 => 243


r: 553, 554

v: 553, 103974


 => 103974


r: 129, 130

v: 129, 347137


 => 347137


r: 652, 653

v: 652, 32


 => 32


r: 154, 155

v: 154, 165888


 => 165888


r: 886, 887

v: 886, 32


 => 32


r: 832, 833

v: 832, 3888


 => 3888


r: 515, 516


r: 414, 415

v: 414, 1484349


 => 1484349


r: 853, 854

v: 853, 162


 => 162


r: 32, 33

v: 32, 46125920


 => 46125920


r: 681, 682

v: 681, 1362126


 => 1362126


r: 204, 205

v: 204, 768


 => 768


r: 284, 285

v: 284, 19683


 => 19683


r: 561, 562

v: 561, 124416


 => 124416


r: 928, 929

v: 928, 60000


 => 60000


r: 471, 472

v: 471, 44933


 => 44933


r: 161, 162

v: 161, 81


 => 81


r: 741, 742

v: 741, 34


 => 34


r: 987, 988

v: 987, 162


 => 162


r: 564, 565

v: 564, 844163


 => 844163


r: 802, 803

v: 802, 5184


 => 5184


r: 44, 45

v: 44, 243


 => 243


r: 911, 912

v: 911, 4313088


 => 4313088


r: 149, 150

v: 149, 60000


 => 60000


r: 289, 290

v: 289, 32


 => 32


r: 17, 18

v: 17, 8192


 => 8192


r: 243, 244

v: 243, 1


 => 1


r: 249, 250

v: 249, 32


 => 32


r: 659, 660

v: 659, 186624


 => 186624


r: 875, 876

v: 875, 16


 => 16


r: 239, 240

v: 239, 95249


 => 95249


r: 941, 942

v: 941, 19782


 => 19782


r: 220, 221

v: 220, 512


 => 512


r: 615, 616

v: 615, 844355796


 => 844355796


r: 487, 488

v: 487, 124416


 => 124416


r: 309, 310

v: 309, 1


 => 1


r: 180, 181

v: 180, 234925


 => 234925


r: 361, 362

v: 361, 45177


 => 45177


r: 68, 69

v: 68, 1


 => 1


r: 842, 843

v: 842, 15896880


 => 15896880


r: 245, 246

v: 245, 537824


 => 537824


r: 761, 762

v: 761, 512


 => 512


r: 351, 352

v: 351, 768


 => 768


r: 703, 704

v: 703, 1259712


 => 1259712


r: 645, 646

v: 645, 1024


 => 1024


r: 461, 462

v: 461, 24576


 => 24576


r: 989, 990

v: 989, 1666


 => 1666


r: 846, 847

v: 846, 1


 => 1


r: 198, 199

v: 198, 65832


 => 65832


r: 207, 208

v: 207, 34228656


 => 34228656


r: 421, 422

v: 421, 1875


 => 1875


r: 510, 511

v: 510, 1024


 => 1024


r: 890, 891

v: 890, 32


 => 32


r: 967, 968

v: 967, 1


 => 1


r: 650, 651


r: 325, 326

v: 325, 1


 => 1


r: 232, 233

v: 232, 16


 => 16


r: 644, 645


r: 240, 241

v: 240, 589824


 => 589824


r: 205, 206

v: 205, 6816486


 => 6816486


r: 159, 160

v: 159, 32


 => 32


r: 368, 369

v: 368, 162


 => 162


r: 601, 602

v: 601, 58564


 => 58564


r: 330, 331

v: 330, 2592


 => 2592


r: 272, 273

v: 272, 54944


 => 54944


r: 550, 551


r: 358, 359

v: 358, 243


 => 243


r: 334, 335

v: 334, 359714310


 => 359714310


r: 984, 985

v: 984, 472776


 => 472776


r: 4, 5

v: 4, 41472


 => 41472


r: 267, 268

v: 267, 16384


 => 16384


r: 598, 599

v: 598, 162


 => 162


r: 972, 973

v: 972, 1024


 => 1024


r: 472, 473

v: 472, 32


 => 32


r: 774, 775

v: 774, 131885


 => 131885


r: 299, 300

v: 299, 2883


 => 2883


r: 618, 619

v: 618, 21065


 => 21065


r: 185, 186

v: 185, 465760


 => 465760


r: 179, 180

v: 179, 768


 => 768


r: 719, 720

v: 719, 162


 => 162


r: 585, 586

v: 585, 3888


 => 3888


r: 578, 579

v: 578, 1


 => 1


r: 773, 774

v: 773, 1362234


 => 1362234


r: 87, 88

v: 87, 768


 => 768


r: 793, 794

v: 793, 98644


 => 98644


r: 282, 283

v: 282, 12005


 => 12005


r: 559, 560

v: 559, 2778


 => 2778


r: 385, 386

v: 385, 9604


 => 9604


r: 512, 513

v: 512, 243


 => 243


r: 610, 611

v: 610, 361980


 => 361980


r: 214, 215

v: 214, 9565747


 => 9565747


r: 235, 236

v: 235, 1


 => 1


r: 926, 927

v: 926, 5305


 => 5305


r: 88, 89

v: 88, 1


 => 1


r: 702, 703

v: 702, 1


 => 1


r: 696, 697

v: 696, 1


 => 1


r: 428, 429

v: 428, 1875


 => 1875


r: 40, 41

v: 40, 14305972


 => 14305972


r: 294, 295

v: 294, 90054


 => 90054


r: 705, 706

v: 705, 3220854


 => 3220854


r: 939, 940

v: 939, 3888


 => 3888


r: 713, 714

v: 713, 803361376


 => 803361376


r: 896, 897

v: 896, 1875


 => 1875


r: 383, 384

v: 383, 1


 => 1


r: 164, 165

v: 164, 32


 => 32


r: 195, 196

v: 195, 32768


 => 32768


r: 838, 839

v: 838, 14406


 => 14406


r: 65, 66

v: 65, 1104800


 => 1104800


r: 145, 146

v: 145, 129150


 => 129150


r: 569, 570

v: 569, 18136181


 => 18136181


r: 264, 265

v: 264, 50000853


 => 50000853


r: 231, 232

v: 231, 512


 => 512


r: 778, 779

v: 778, 419904


 => 419904


r: 230, 231

v: 230, 1765464


 => 1765464


r: 70, 71

v: 70, 89707


 => 89707


r: 525, 526

v: 525, 5752730


 => 5752730


r: 574, 575

v: 574, 15556


 => 15556


r: 37, 38

v: 37, 685260


 => 685260


r: 140, 141

v: 140, 290320


 => 290320


r: 544, 545

v: 544, 73143


 => 73143


r: 914, 915

v: 914, 358524458


 => 358524458


r: 84, 85

v: 84, 32


 => 32


r: 624, 625

v: 624, 7776


 => 7776


r: 537, 538

v: 537, 60000


 => 60000


r: 725, 726

v: 725, 33833


 => 33833


r: 369, 370

v: 369, 1037


 => 1037


r: 196, 197

v: 196, 3517932


 => 3517932


r: 348, 349

v: 348, 186624


 => 186624


r: 798, 799

v: 798, 1


 => 1


r: 507, 508

v: 507, 162


 => 162


r: 504, 505

v: 504, 264133


 => 264133


r: 810, 811

v: 810, 6973


 => 6973


r: 882, 883

v: 882, 4865504


 => 4865504


r: 258, 259

v: 258, 648


 => 648


r: 162, 163

v: 162, 1


 => 1


r: 66, 67

v: 66, 1024


 => 1024


r: 670, 671

v: 670, 1405


 => 1405


r: 305, 306

v: 305, 62208


 => 62208


r: 571, 572

v: 571, 161152


 => 161152


r: 335, 336

v: 335, 1


 => 1


r: 34, 35

v: 34, 10945472


 => 10945472


r: 427, 428

v: 427, 52092062


 => 52092062


r: 904, 905

v: 904, 210007


 => 210007


r: 2, 3

v: 2, 36259


 => 36259


r: 212, 213

v: 212, 243


 => 243


r: 256, 257

v: 256, 1037527


 => 1037527


r: 991, 992

v: 991, 12288


 => 12288


r: 884, 885

v: 884, 4802


 => 4802


r: 883, 884

v: 883, 5310729


 => 5310729


r: 580, 581

v: 580, 2401


 => 2401


r: 545, 546

v: 545, 80000


 => 80000


r: 160, 161

v: 160, 512


 => 512


r: 124, 125

v: 124, 1024


 => 1024


r: 170, 171

v: 170, 16


 => 16


r: 354, 355


r: 352, 353

v: 352, 2403


 => 2403


r: 131, 132

v: 131, 32805


 => 32805


r: 465, 466

v: 465, 27715


 => 27715


r: 908, 909

v: 908, 82944


 => 82944


r: 866, 867

v: 866, 918731


 => 918731


r: 413, 414

v: 413, 162


 => 162


r: 62, 63

v: 62, 162


 => 162


r: 481, 482

v: 481, 1


 => 1


r: 493, 494

v: 493, 9303740


 => 9303740


r: 347, 348

v: 347, 2500


 => 2500


r: 397, 398

v: 397, 32


 => 32


r: 435, 436

v: 435, 1600000


 => 1600000


r: 800, 801

v: 800, 1


 => 1


r: 543, 544

v: 543, 1


 => 1


r: 94, 95

v: 94, 32


 => 32


r: 490, 491

v: 490, 81


 => 81


r: 203, 204

v: 203, 32


 => 32


r: 739, 740

v: 739, 1024


 => 1024


r: 945, 946

v: 945, 9161715


 => 9161715


r: 603, 604

v: 603, 3906250


 => 3906250


r: 606, 607

v: 606, 8192


 => 8192


r: 430, 431

v: 430, 150000000


 => 150000000


r: 641, 642

v: 641, 1024


 => 1024


r: 612, 613

v: 612, 4518425


 => 4518425


r: 48, 49

v: 48, 248167449


 => 248167449


r: 712, 713

v: 712, 1288528


 => 1288528


r: 433, 434

v: 433, 40000


 => 40000


r: 788, 789

v: 788, 6635520


 => 6635520


r: 943, 944

v: 943, 16


 => 16


r: 441, 442

v: 441, 4780008


 => 4780008


r: 10, 11

v: 10, 117297


 => 117297


r: 526, 527


r: 616, 617

v: 616, 1024


 => 1024


r: 617, 618

v: 617, 32184


 => 32184


r: 687, 688

v: 687, 285610


 => 285610


r: 277, 278


r: 64, 65

v: 64, 243


 => 243


r: 839, 840

v: 839, 32


 => 32


r: 843, 844


r: 47, 48

v: 47, 1


 => 1


r: 273, 274

v: 273, 16


 => 16


r: 278, 279

v: 278, 5184


 => 5184


r: 667, 668

v: 667, 1024


 => 1024


r: 229, 230

v: 229, 58564


 => 58564


r: 69, 70

v: 69, 1


 => 1


r: 998, 999

v: 998, 41248


 => 41248


r: 675, 676

v: 675, 41578


 => 41578


r: 19, 20

v: 19, 16


 => 16


r: 920, 921

v: 920, 81


 => 81


r: 654, 655

v: 654, 1


 => 1


r: 845, 846

v: 845, 3148250


 => 3148250


r: 486, 487

v: 486, 1


 => 1


r: 193, 194

v: 193, 67280


 => 67280


r: 202, 203

v: 202, 839808


 => 839808


r: 350, 351

v: 350, 117241


 => 117241


r: 478, 479

v: 478, 243


 => 243


r: 677, 678

v: 677, 1


 => 1


r: 56, 57

v: 56, 5184


 => 5184


r: 158, 159

v: 158, 23311


 => 23311


r: 315, 316

v: 315, 189536


 => 189536


r: 218, 219

v: 218, 5020620


 => 5020620


r: 355, 356

v: 355, 1024


 => 1024


r: 520, 521

v: 520, 768


 => 768


r: 730, 731

v: 730, 1


 => 1


r: 648, 649

v: 648, 16


 => 16


r: 376, 377

v: 376, 243


 => 243


r: 680, 681

v: 680, 768


 => 768


r: 269, 270

v: 269, 33785616


 => 33785616


r: 770, 771

v: 770, 98644


 => 98644


r: 393, 394

v: 393, 2904400


 => 2904400


r: 554, 555

v: 554, 12772864


 => 12772864


r: 591, 592

v: 591, 47525


 => 47525


r: 29, 30

v: 29, 512


 => 512


r: 956, 957

v: 956, 27206


 => 27206


r: 799, 800

v: 799, 5267675007


 => 5267675007


r: 387, 388

v: 387, 228488


 => 228488


r: 310, 311

v: 310, 40176


 => 40176


r: 296, 297

v: 296, 1024


 => 1024


r: 14, 15

v: 14, 32


 => 32


r: 758, 759

v: 758, 23654


 => 23654


r: 701, 702

v: 701, 145152


 => 145152


r: 263, 264

v: 263, 39366


 => 39366


r: 540, 541

v: 540, 7261660


 => 7261660


r: 894, 895

v: 894, 81


 => 81


r: 760, 761

v: 760, 81


 => 81


r: 449, 450

v: 449, 7776


 => 7776


r: 375, 376

v: 375, 162


 => 162


r: 924, 925

v: 924, 1


 => 1


r: 398, 399

v: 398, 413331


 => 413331


r: 137, 138

v: 137, 112934912


 => 112934912


r: 61, 62

v: 61, 335908944


 => 335908944


r: 417, 418

v: 417, 1


 => 1


r: 638, 639

v: 638, 16


 => 16


r: 23, 24

v: 23, 1


 => 1


r: 934, 935

v: 934, 101958


 => 101958


r: 868, 869

v: 868, 728


 => 728


r: 771, 772

v: 771, 5184


 => 5184


r: 683, 684

v: 683, 1250


 => 1250


r: 762, 763

v: 762, 7776


 => 7776


r: 689, 690

v: 689, 1


 => 1


r: 79, 80

v: 79, 186624


 => 186624


r: 440, 441

v: 440, 81520


 => 81520


r: 247, 248

v: 247, 6052


 => 6052


r: 568, 569

v: 568, 1


 => 1


r: 434, 435

v: 434, 1875


 => 1875


r: 871, 872

v: 871, 2475


 => 2475


r: 332, 333

v: 332, 16384


 => 16384


r: 480, 481

v: 480, 32


 => 32


r: 349, 350

v: 349, 623955


 => 623955


r: 535, 536

v: 535, 330213


 => 330213


r: 602, 603

v: 602, 512


 => 512


r: 831, 832

v: 831, 8022752


 => 8022752


r: 153, 154

v: 153, 5184


 => 5184


r: 614, 615

v: 614, 11715


 => 11715


r: 431, 432

v: 431, 3888


 => 3888


r: 971, 972

v: 971, 162


 => 162


r: 777, 778

v: 777, 55


 => 55


r: 814, 815

v: 814, 345744


 => 345744


r: 611, 612

v: 611, 32


 => 32


r: 619, 620

v: 619, 475808


 => 475808


r: 724, 725


r: 706, 707

v: 706, 12120


 => 12120


r: 488, 489

v: 488, 268912


 => 268912


r: 110, 111

v: 110, 839808


 => 839808


r: 695, 696


r: 906, 907

v: 906, 5542263


 => 5542263


r: 135, 136

v: 135, 256


 => 256


r: 168, 169

v: 168, 32768


 => 32768


r: 867, 868

v: 867, 1


 => 1


r: 429, 430

v: 429, 23689


 => 23689


r: 999, 1000

v: 999, 42421


 => 42421


r: 805, 806

v: 805, 21816


 => 21816


r: 824, 825

v: 824, 25984272


 => 25984272


r: 885, 886

v: 885, 768


 => 768


r: 197, 198

v: 197, 40944


 => 40944


r: 157, 158


r: 484, 485

v: 484, 27108


 => 27108


r: 276, 277

v: 276, 106702


 => 106702


r: 942, 943

v: 942, 1


 => 1


r: 466, 467


r: 279, 280

v: 279, 1563852


 => 1563852


r: 346, 347

v: 346, 16036032


 => 16036032


r: 209, 210

v: 209, 81


 => 81


r: 951, 952

v: 951, 18243


 => 18243


r: 861, 862

v: 861, 1270688


 => 1270688


r: 572, 573

v: 572, 162


 => 162


r: 907, 908

v: 907, 1


 => 1


r: 643, 644

v: 643, 1944810


 => 1944810


r: 952, 953

v: 952, 243


 => 243


r: 784, 785

v: 784, 32


 => 32


r: 901, 902

v: 901, 512


 => 512


r: 238, 239

v: 238, 162


 => 162


r: 452, 453

v: 452, 80000


 => 80000


r: 448, 449

v: 448, 1


 => 1


r: 849, 850


r: 607, 608

v: 607, 976685


 => 976685


r: 83, 84

v: 83, 1


 => 1


r: 994, 995

v: 994, 3888


 => 3888


r: 632, 633

v: 632, 9925


 => 9925


r: 938, 939

v: 938, 3888


 => 3888


r: 707, 708

v: 707, 2592


 => 2592


r: 978, 979

v: 978, 162


 => 162


r: 812, 813

v: 812, 5184


 => 5184


r: 897, 898

v: 897, 1024


 => 1024


r: 422, 423

v: 422, 7776


 => 7776


r: 134, 135

v: 134, 281976


 => 281976


r: 189, 190

v: 189, 162


 => 162


r: 475, 476

v: 475, 527507


 => 527507


r: 859, 860

v: 859, 243


 => 243


r: 503, 504

v: 503, 81


 => 81


r: 900, 901

v: 900, 629856


 => 629856


r: 341, 342

v: 341, 7997


 => 7997


r: 464, 465

v: 464, 2901475952


 => 2901475952


r: 555, 556

v: 555, 118566


 => 118566


r: 837, 838

v: 837, 2136132


 => 2136132


r: 219, 220

v: 219, 3807217


 => 3807217


r: 328, 329

v: 328, 287284074


 => 287284074


r: 657, 658

v: 657, 2587


 => 2587


r: 946, 947

v: 946, 10484


 => 10484


r: 627, 628

v: 627, 1024


 => 1024


r: 957, 958

v: 957, 11931


 => 11931


r: 891, 892

v: 891, 479077578


 => 479077578


r: 374, 375

v: 374, 1024


 => 1024


r: 769, 770

v: 769, 243


 => 243


r: 844, 845

v: 844, 307328


 => 307328


r: 126, 127

v: 126, 768


 => 768


r: 25, 26

v: 25, 162


 => 162


r: 100, 101

v: 100, 1


 => 1


r: 628, 629

v: 628, 1


 => 1


r: 191, 192

v: 191, 16


 => 16


r: 15, 16

v: 15, 40310784


 => 40310784


r: 531, 532

v: 531, 6480


 => 6480


r: 646, 647

v: 646, 7776


 => 7776


r: 990, 991

v: 990, 33030720


 => 33030720


r: 301, 302

v: 301, 5184


 => 5184


r: 316, 317

v: 316, 6480


 => 6480


r: 425, 426

v: 425, 39366


 => 39366


r: 797, 798

v: 797, 32


 => 32


r: 331, 332

v: 331, 19162385


 => 19162385


r: 261, 262

v: 261, 1


 => 1


r: 749, 750

v: 749, 232832


 => 232832


r: 992, 993

v: 992, 512


 => 512


r: 468, 469

v: 468, 894405


 => 894405


r: 67, 68

v: 67, 6283484362


 => 6283484362


r: 46, 47

v: 46, 162


 => 162


r: 250, 251

v: 250, 117724752


 => 117724752


r: 298, 299

v: 298, 59618


 => 59618


r: 795, 796

v: 795, 800830705


 => 800830705


r: 474, 475

v: 474, 1


 => 1


r: 57, 58

v: 57, 2319956


 => 2319956


r: 74, 75

v: 74, 1


 => 1


r: 408, 409

v: 408, 3888


 => 3888


r: 130, 131

v: 130, 36036988


 => 36036988


r: 647, 648

v: 647, 493


 => 493


r: 629, 630

v: 629, 759375


 => 759375


r: 344, 345


r: 386, 387

v: 386, 18218


 => 18218


r: 337, 338

v: 337, 512


 => 512


r: 497, 498

v: 497, 340392829


 => 340392829


r: 674, 675

v: 674, 162


 => 162


r: 186, 187

v: 186, 78920


 => 78920


r: 509, 510

v: 509, 1875


 => 1875


r: 808, 809

v: 808, 268912


 => 268912


r: 274, 275

v: 274, 16


 => 16


r: 870, 871

v: 870, 32


 => 32


r: 5, 6

v: 5, 51660771


 => 51660771


r: 182, 183

v: 182, 32


 => 32


r: 199, 200

v: 199, 2459536


 => 2459536


r: 302, 303

v: 302, 9604


 => 9604


r: 321, 322

v: 321, 1


 => 1


r: 517, 518

v: 517, 32


 => 32


r: 958, 959

v: 958, 2508


 => 2508


r: 260, 261

v: 260, 3888


 => 3888


r: 759, 760

v: 759, 512


 => 512


r: 119, 120

v: 119, 14763


 => 14763


r: 39, 40

v: 39, 16384


 => 16384


r: 9, 10

v: 9, 1


 => 1


r: 333, 334

v: 333, 1


 => 1


r: 288, 289

v: 288, 234000


 => 234000


r: 955, 956

v: 955, 26244


 => 26244


r: 217, 218

v: 217, 1577510297


 => 1577510297


r: 287, 288

v: 287, 6429402112


 => 6429402112


r: 605, 606

v: 605, 2917215


 => 2917215


r: 290, 291

v: 290, 1


 => 1


r: 150, 151

v: 150, 3125


 => 3125


r: 879, 880

v: 879, 3190187286


 => 3190187286


r: 297, 298

v: 297, 243


 => 243


r: 53, 54

v: 53, 932331


 => 932331


r: 259, 260

v: 259, 557625


 => 557625


r: 780, 781

v: 780, 32


 => 32


r: 49, 50

v: 49, 3716128


 => 3716128


r: 752, 753

v: 752, 1090549


 => 1090549


r: 371, 372

v: 371, 32


 => 32


r: 275, 276

v: 275, 1024


 => 1024


r: 902, 903

v: 902, 162


 => 162


r: 541, 542

v: 541, 124416


 => 124416


r: 815, 816

v: 815, 32


 => 32


r: 692, 693

v: 692, 768


 => 768


r: 767, 768

v: 767, 1


 => 1


r: 548, 549

v: 548, 11075650048


 => 11075650048


r: 950, 951

v: 950, 2019


 => 2019


r: 856, 857

v: 856, 32


 => 32


r: 234, 235

v: 234, 21177019


 => 21177019


r: 940, 941

v: 940, 12993849


 => 12993849


r: 265, 266

v: 265, 512


 => 512


r: 356, 357

v: 356, 32


 => 32


r: 378, 379

v: 378, 166072


 => 166072


r: 377, 378

v: 377, 768


 => 768


r: 721, 722

v: 721, 163154688


 => 163154688


r: 630, 631

v: 630, 1653983


 => 1653983


r: 676, 677

v: 676, 904326


 => 904326


r: 501, 502

v: 501, 3888


 => 3888


r: 919, 920

v: 919, 3403596


 => 3403596


r: 384, 385

v: 384, 243


 => 243


r: 962, 963

v: 962, 16286918


 => 16286918


r: 141, 142

v: 141, 243


 => 243


r: 236, 237

v: 236, 512


 => 512


r: 372, 373

v: 372, 3888


 => 3888


r: 872, 873

v: 872, 10509977


 => 10509977


r: 888, 889

v: 888, 768


 => 768


r: 691, 692

v: 691, 1118728


 => 1118728


r: 532, 533

v: 532, 19683


 => 19683


r: 365, 366

v: 365, 75706175


 => 75706175


r: 976, 977

v: 976, 512


 => 512


r: 993, 994

v: 993, 307328


 => 307328


r: 38, 39

v: 38, 243


 => 243


r: 636, 637

v: 636, 116012250


 => 116012250


r: 184, 185

v: 184, 5988240


 => 5988240


r: 42, 43

v: 42, 1


 => 1


r: 801, 802

v: 801, 768


 => 768


r: 318, 319

v: 318, 1420658850


 => 1420658850


r: 678, 679

v: 678, 7776


 => 7776


r: 223, 224

v: 223, 16


 => 16


r: 291, 292

v: 291, 1944810


 => 1944810


r: 6, 7

v: 6, 6480


 => 6480


r: 727, 728

v: 727, 5191089


 => 5191089


r: 400, 401

v: 400, 1


 => 1


r: 589, 590

v: 589, 162


 => 162


r: 418, 419

v: 418, 3489399


 => 3489399


r: 560, 561

v: 560, 134089


 => 134089


r: 380, 381

v: 380, 44618


 => 44618


r: 43, 44

v: 43, 162


 => 162


r: 45, 46

v: 45, 32


 => 32


r: 28, 29

v: 28, 2500


 => 2500


r: 479, 480

v: 479, 1


 => 1


r: 451, 452

v: 451, 3102138768


 => 3102138768


r: 16, 17

v: 16, 1024


 => 1024


r: 139, 140

v: 139, 7203


 => 7203


r: 709, 710

v: 709, 1450542


 => 1450542


r: 407, 408

v: 407, 7981100


 => 7981100


r: 694, 695

v: 694, 37264


 => 37264


r: 717, 718

v: 717, 9655157


 => 9655157


r: 546, 547

v: 546, 3125


 => 3125


r: 549, 550

v: 549, 32


 => 32


r: 620, 621

v: 620, 1600000


 => 1600000


r: 642, 643

v: 642, 2592


 => 2592


r: 442, 443

v: 442, 219121041


 => 219121041


r: 757, 758

v: 757, 9604


 => 9604


r: 115, 116

v: 115, 32


 => 32


r: 653, 654

v: 653, 2500


 => 2500


r: 166, 167

v: 166, 3917774


 => 3917774


r: 751, 752

v: 751, 1


 => 1


r: 936, 937

v: 936, 8409


 => 8409


r: 336, 337

v: 336, 3615104


 => 3615104


r: 165, 166

v: 165, 9604


 => 9604


r: 327, 328

v: 327, 236640


 => 236640


r: 151, 152

v: 151, 18002229


 => 18002229


r: 522, 523

v: 522, 32


 => 32


r: 382, 383

v: 382, 16


 => 16


r: 366, 367

v: 366, 499399


 => 499399


r: 322, 323

v: 322, 26869904


 => 26869904


r: 921, 922

v: 921, 32


 => 32


r: 114, 115

v: 114, 3363


 => 3363


r: 113, 114

v: 113, 1733382


 => 1733382


r: 794, 795

v: 794, 32


 => 32


r: 679, 680

v: 679, 512


 => 512


r: 880, 881

v: 880, 11052


 => 11052


r: 536, 537

v: 536, 10801156


 => 10801156


r: 432, 433

v: 432, 7776


 => 7776


r: 910, 911

v: 910, 137732


 => 137732


r: 343, 344

v: 343, 162


 => 162


r: 174, 175

v: 174, 131072


 => 131072


r: 92, 93

v: 92, 198374


 => 198374


r: 586, 587


r: 567, 568

v: 567, 512


 => 512


r: 353, 354

v: 353, 1422


 => 1422


r: 402, 403

v: 402, 759375


 => 759375


r: 405, 406

v: 405, 43503


 => 43503


r: 496, 497

v: 496, 342732


 => 342732


r: 482, 483

v: 482, 4049


 => 4049


r: 949, 950

v: 949, 229757292


 => 229757292


r: 379, 380

v: 379, 32


 => 32


r: 167, 168

v: 167, 18594299


 => 18594299


r: 183, 184

v: 183, 162


 => 162


r: 373, 374

v: 373, 751689


 => 751689


r: 899, 900

v: 899, 512


 => 512


r: 621, 622

v: 621, 243


 => 243


r: 222, 223

v: 222, 1600000


 => 1600000


r: 807, 808

v: 807, 162


 => 162


r: 458, 459

v: 458, 1


 => 1


r: 381, 382

v: 381, 243


 => 243


r: 338, 339

v: 338, 371293


 => 371293


r: 662, 663

v: 662, 768


 => 768


r: 85, 86

v: 85, 243


 => 243


r: 763, 764

v: 763, 1


 => 1


r: 59, 60

v: 59, 1


 => 1


r: 436, 437

v: 436, 455625


 => 455625


r: 923, 924

v: 923, 5324615


 => 5324615


r: 596, 597

v: 596, 1062880


 => 1062880


r: 146, 147

v: 146, 3045111


 => 3045111


r: 169, 170

v: 169, 16


 => 16


r: 76, 77

v: 76, 32


 => 32


r: 22, 23

v: 22, 2592


 => 2592


r: 253, 254

v: 253, 436


 => 436


r: 360, 361

v: 360, 39366


 => 39366


r: 24, 25

v: 24, 328608


 => 328608


r: 128, 129

v: 128, 4313088


 => 4313088


r: 244, 245

v: 244, 35444


 => 35444


r: 964, 965

v: 964, 7776


 => 7776


r: 11, 12

v: 11, 32


 => 32


r: 592, 593

v: 592, 32


 => 32


r: 782, 783

v: 782, 9604


 => 9604


r: 224, 225

v: 224, 1


 => 1


r: 929, 930

v: 929, 39366


 => 39366


r: 932, 933

v: 932, 249056


 => 249056


r: 581, 582

v: 581, 124416


 => 124416


r: 51, 52

v: 51, 39366


 => 39366


r: 595, 596

v: 595, 1


 => 1


r: 396, 397

v: 396, 269243466


 => 269243466


r: 155, 156

v: 155, 768


 => 768


r: 570, 571


r: 495, 496

v: 495, 16384


 => 16384


r: 450, 451

v: 450, 124416


 => 124416


r: 579, 580

v: 579, 512


 => 512


r: 132, 133

v: 132, 1024


 => 1024


r: 411, 412

v: 411, 434514


 => 434514


r: 873, 874

v: 873, 162


 => 162


r: 728, 729

v: 728, 5184


 => 5184


r: 109, 110

v: 109, 780


 => 780


r: 20, 21

v: 20, 32


 => 32


r: 143, 144

v: 143, 1


 => 1


r: 714, 715

v: 714, 13950432


 => 13950432


r: 1, 2

v: 1, 283694


 => 283694


r: 75, 76

v: 75, 7851859056


 => 7851859056


r: 499, 500

v: 499, 284


 => 284


r: 625, 626

v: 625, 141885806


 => 141885806


r: 505, 506

v: 505, 100000


 => 100000


r: 755, 756

v: 755, 1024


 => 1024


r: 860, 861

v: 860, 32


 => 32


r: 975, 976

v: 975, 16


 => 16


r: 460, 461

v: 460, 307328


 => 307328


r: 729, 730

v: 729, 4850055


 => 4850055


r: 895, 896

v: 895, 277578


 => 277578


r: 869, 870

v: 869, 3888


 => 3888


r: 72, 73

v: 72, 32


 => 32


r: 30, 31

v: 30, 243


 => 243


r: 754, 755

v: 754, 512


 => 512


r: 416, 417

v: 416, 243


 => 243


r: 658, 659

v: 658, 1


 => 1


r: 86, 87

v: 86, 19683


 => 19683


r: 262, 263

v: 262, 22807


 => 22807


r: 565, 566

v: 565, 5184


 => 5184


r: 473, 474

v: 473, 1563852


 => 1563852


r: 71, 72

v: 71, 788440


 => 788440


r: 963, 964

v: 963, 39366


 => 39366


r: 542, 543

v: 542, 3104


 => 3104


r: 118, 119

v: 118, 32805


 => 32805


r: 922, 923

v: 922, 479904


 => 479904


r: 228, 229

v: 228, 1


 => 1


r: 345, 346

v: 345, 4264280


 => 4264280


r: 293, 294

v: 293, 243


 => 243


r: 233, 234

v: 233, 256


 => 256


r: 813, 814

v: 813, 16


 => 16


r: 626, 627

v: 626, 32


 => 32


r: 823, 824

v: 823, 512


 => 512


r: 656, 657

v: 656, 1


 => 1


r: 789, 790

v: 789, 3125


 => 3125


r: 977, 978

v: 977, 243


 => 243


r: 96, 97

v: 96, 4913


 => 4913


r: 996, 997

v: 996, 119154


 => 119154


r: 257, 258

v: 257, 3888


 => 3888


r: 635, 636

v: 635, 32


 => 32


r: 852, 853

v: 852, 189536


 => 189536


r: 403, 404

v: 403, 30830345


 => 30830345


r: 304, 305

v: 304, 5020577


 => 5020577


r: 485, 486

v: 485, 27785663


 => 27785663


r: 415, 416

v: 415, 1103125


 => 1103125


r: 834, 835

v: 834, 860667230


 => 860667230


r: 254, 255

v: 254, 1935


 => 1935


r: 513, 514

v: 513, 59049


 => 59049


r: 577, 578

v: 577, 662059110


 => 662059110


r: 933, 934

v: 933, 1993


 => 1993


r: 803, 804

v: 803, 396


 => 396


r: 985, 986

v: 985, 256


 => 256


r: 587, 588

v: 587, 1875


 => 1875


r: 409, 410

v: 409, 230496


 => 230496


r: 825, 826

v: 825, 3363


 => 3363


r: 412, 413

v: 412, 19683


 => 19683


r: 192, 193

v: 192, 275265


 => 275265


r: 246, 247

v: 246, 15224


 => 15224


r: 826, 827

v: 826, 60000


 => 60000


r: 147, 148

v: 147, 132781955


 => 132781955


r: 850, 851

v: 850, 1318662047


 => 1318662047


r: 827, 828

v: 827, 32


 => 32


r: 912, 913

v: 912, 683


 => 683


r: 821, 822

v: 821, 3084


 => 3084


r: 634, 635

v: 634, 1024


 => 1024


r: 556, 557

v: 556, 243


 => 243


r: 820, 821

v: 820, 5013652


 => 5013652


r: 697, 698

v: 697, 44402576


 => 44402576


r: 357, 358

v: 357, 524288


 => 524288


r: 551, 552

v: 551, 327438453


 => 327438453


r: 786, 787

v: 786, 256


 => 256


r: 152, 153

v: 152, 55220


 => 55220


r: 711, 712

v: 711, 16


 => 16


r: 584, 585

v: 584, 32


 => 32


r: 419, 420

v: 419, 1119650860


 => 1119650860


r: 41, 42

v: 41, 362


 => 362


r: 210, 211

v: 210, 16


 => 16


r: 748, 749

v: 748, 1


 => 1


r: 529, 530

v: 529, 102487


 => 102487


r: 410, 411

v: 410, 243


 => 243


r: 726, 727

v: 726, 4717


 => 4717


r: 286, 287

v: 286, 162


 => 162


r: 359, 360

v: 359, 179616


 => 179616


r: 671, 672

v: 671, 243


 => 243


r: 401, 402


r: 973, 974

v: 973, 1


 => 1


r: 394, 395

v: 394, 16384


 => 16384


r: 819, 820

v: 819, 8998


 => 8998


r: 547, 548

v: 547, 60000


 => 60000


r: 477, 478

v: 477, 578595


 => 578595


r: 563, 564

v: 563, 455625


 => 455625


r: 242, 243


r: 50, 51

v: 50, 1


 => 1


r: 745, 746

v: 745, 162


 => 162


r: 862, 863

v: 862, 162


 => 162


r: 221, 222

v: 221, 5184


 => 5184


r: 516, 517

v: 516, 1


 => 1


r: 663, 664

v: 663, 60000


 => 60000


r: 122, 123

v: 122, 12789


 => 12789


r: 498, 499

v: 498, 68552


 => 68552


r: 251, 252

v: 251, 16


 => 16


r: 925, 926

v: 925, 62150


 => 62150


r: 685, 686

v: 685, 7776


 => 7776


r: 557, 558

v: 557, 178862


 => 178862


r: 833, 834

v: 833, 242816


 => 242816


r: 969, 970

v: 969, 13374


 => 13374


r: 226, 227

v: 226, 230048


 => 230048


r: 102, 103

v: 102, 7776


 => 7776


r: 156, 157

v: 156, 82944


 => 82944


r: 673, 674

v: 673, 256


 => 256


r: 148, 149

v: 148, 36499


 => 36499


r: 666, 667

v: 666, 162


 => 162


r: 836, 837

v: 836, 256


 => 256


r: 693, 694

v: 693, 512


 => 512


r: 931, 932

v: 931, 248832


 => 248832


r: 317, 318

v: 317, 32768


 => 32768


r: 865, 866

v: 865, 232572


 => 232572


r: 974, 975

v: 974, 7776


 => 7776


r: 455, 456

v: 455, 240658


 => 240658


r: 511, 512

v: 511, 32


 => 32


r: 700, 701

v: 700, 7776


 => 7776


r: 953, 954

v: 953, 14406


 => 14406


r: 104, 105

v: 104, 725577300


 => 725577300


r: 171, 172

v: 171, 652644


 => 652644


r: 840, 841

v: 840, 2009275


 => 2009275


r: 600, 601

v: 600, 16


 => 16


r: 930, 931

v: 930, 5184


 => 5184


r: 913, 914

v: 913, 243


 => 243


r: 539, 540

v: 539, 1024


 => 1024


r: 494, 495

v: 494, 16


 => 16


r: 874, 875

v: 874, 1424986


 => 1424986


r: 613, 614

v: 613, 1


 => 1


r: 78, 79

v: 78, 33785616


 => 33785616


r: 7, 8

v: 7, 161016


 => 161016


r: 593, 594

v: 593, 3888


 => 3888


r: 281, 282

v: 281, 333298


 => 333298


r: 576, 577

v: 576, 1024


 => 1024


r: 779, 780

v: 779, 16384


 => 16384


r: 876, 877

v: 876, 1


 => 1


r: 809, 810

v: 809, 7066


 => 7066


r: 664, 665

v: 664, 162


 => 162


r: 55, 56

v: 55, 10998060


 => 10998060


r: 775, 776

v: 775, 40000


 => 40000


r: 112, 113

v: 112, 3888


 => 3888


r: 597, 598


r: 392, 393

v: 392, 148397120


 => 148397120


r: 300, 301

v: 300, 473006196


 => 473006196


r: 583, 584

v: 583, 32


 => 32


r: 172, 173

v: 172, 512


 => 512


r: 864, 865

v: 864, 2592


 => 2592


r: 81, 82

v: 81, 73387


 => 73387


r: 848, 849

v: 848, 57628880


 => 57628880


r: 457, 458

v: 457, 162


 => 162


r: 604, 605

v: 604, 14600580


 => 14600580


r: 121, 122

v: 121, 409


 => 409


r: 194, 195

v: 194, 55807


 => 55807


r: 18, 19

v: 18, 79161


 => 79161


r: 917, 918

v: 917, 3988


 => 3988


r: 8, 9

v: 8, 9013914


 => 9013914


r: 527, 528

v: 527, 768


 => 768


r: 599, 600

v: 599, 1250


 => 1250


r: 447, 448

v: 447, 40000


 => 40000


r: 948, 949

v: 948, 16253


 => 16253


r: 742, 743

v: 742, 421463847


 => 421463847


r: 177, 178

v: 177, 243


 => 243


r: 750, 751

v: 750, 32


 => 32


r: 190, 191

v: 190, 162


 => 162


r: 766, 767

v: 766, 768


 => 768


r: 329, 330

v: 329, 7776


 => 7776


r: 285, 286

v: 285, 322106580


 => 322106580


r: 213, 214

v: 213, 1024


 => 1024


r: 734, 735

v: 734, 243


 => 243


r: 13, 14

v: 13, 32


 => 32


r: 508, 509

v: 508, 2451254


 => 2451254


r: 437, 438

v: 437, 162


 => 162


r: 538, 539

v: 538, 189584


 => 189584


r: 935, 936

v: 935, 243


 => 243


r: 420, 421

v: 420, 512


 => 512


r: 133, 134

v: 133, 29208


 => 29208


r: 655, 656

v: 655, 26244


 => 26244


r: 792, 793

v: 792, 5184


 => 5184


r: 672, 673

v: 672, 24576


 => 24576


r: 423, 424

v: 423, 1


 => 1


r: 518, 519

v: 518, 165888


 => 165888


r: 699, 700

zig: error while loading shared libraries: liblldMinGW.so.16: cannot open shared object file: No such file or directory

r: 1000, 1001


 => 0

v: 699, 315619240


 => 315619240


r: 732, 733

v: 732, 6621843924


 => 6621843924


r: 388, 389

v: 388, 32


 => 32


r: 266, 267

v: 266, 5785941


 => 5785941


r: 93, 94

v: 93, 1024


 => 1024


r: 367, 368

v: 367, 252924


 => 252924


r: 863, 864

v: 863, 26244


 => 26244

