
r: 950, 1000

v: 950, 2019

v: 951, 18243

v: 952, 243

v: 953, 14406

v: 954, 32

v: 955, 26244

v: 956, 27206

v: 957, 11931

v: 958, 2508

v: 959, 188567

v: 960, 640308065

v: 961, 16

v: 962, 16286918

v: 963, 39366

v: 964, 7776

v: 965, 158881564

v: 966, 32

v: 967, 1

v: 968, 55304

v: 969, 13374

v: 970, 512

v: 971, 162

v: 972, 1024

v: 973, 1

v: 974, 7776

v: 975, 16

v: 976, 512

v: 977, 243

v: 978, 162

v: 979, 1259712

v: 980, 1641562

v: 981, 1469025

v: 982, 16384

v: 983, 1250

v: 984, 472776

v: 985, 256

v: 986, 1967266900

v: 987, 162

v: 988, 100000

v: 989, 1666

v: 990, 33030720

v: 991, 12288

v: 992, 512

v: 993, 307328

v: 994, 3888

v: 995, 32

v: 996, 119154

v: 997, 768

v: 998, 41248

v: 999, 42421


 => 2821682275

