

v: 200, 1272145

v: 201, 16

v: 202, 839808

v: 203, 32

v: 204, 768

v: 205, 6816486

v: 206, 3268760

v: 207, 34228656

v: 208, 2402950

v: 209, 81

v: 210, 16

v: 211, 243

v: 212, 243

v: 213, 1024

v: 214, 9565747

v: 215, 1

v: 216, 108






v: 217, 1577510297

v: 218, 5020620

v: 219, 3807217

v: 220, 512

v: 221, 5184

v: 222, 1600000

v: 223, 16

v: 224, 1

v: 225, 16384

v: 226, 230048

v: 227, 81

v: 228, 1

v: 229, 58564

v: 230, 1765464

v: 231, 512

v: 232, 16

v: 233, 256

v: 234, 21177019

v: 235, 1

v: 236, 512

v: 237, 256

v: 238, 162

v: 239, 95249

v: 240, 589824

v: 241, 2592


v: 242, 16327404336

v: 243, 1

v: 244, 35444

v: 245, 537824

v: 246, 15224

v: 247, 6052

v: 248, 35148892

v: 249, 32

v: 250, 117724752

v: 251, 16

v: 252, 1

v: 253, 436

v: 254, 1935

v: 255, 2500

v: 256, 1037527

v: 257, 3888

v: 258, 648

v: 259, 557625

v: 260, 3888

v: 261, 1

v: 262, 22807

v: 263, 39366

v: 264, 50000853

v: 265, 512

v: 266, 5785941

v: 267, 16384

v: 268, 162

v: 269, 33785616

v: 270, 162

v: 271, 35609814

v: 272, 54944

v: 273, 16

v: 274, 16

v: 275, 1024

v: 276, 106702

v: 277, 149996441796

