
r: 150, 200

v: 150, 3125

v: 151, 18002229

v: 152, 55220

v: 153, 5184

v: 154, 165888

v: 155, 768

v: 156, 82944

v: 157, 256906665

v: 158, 23311

v: 159, 32

v: 160, 512

v: 161, 81

v: 162, 1

v: 163, 3888

v: 164, 32

v: 165, 9604

v: 166, 3917774

v: 167, 18594299

v: 168, 32768

v: 169, 16

v: 170, 16

v: 171, 652644

v: 172, 512

v: 173, 243

v: 174, 131072

v: 175, 1

v: 176, 1024

v: 177, 243

v: 178, 32

v: 179, 768

v: 180, 234925

v: 181, 1024

v: 182, 32

v: 183, 162

v: 184, 5988240

v: 185, 465760

v: 186, 78920

v: 187, 162

v: 188, 9807648

v: 189, 162

v: 190, 162

v: 191, 16

v: 192, 275265

v: 193, 67280

v: 194, 55807

v: 195, 32768

v: 196, 3517932

v: 197, 40944

v: 198, 65832

v: 199, 2459536


 => 321683473

