

v: 0, 16

v: 1, 283694

v: 2, 36259

v: 3, 95120

v: 4, 41472

v: 5, 51660771

v: 6, 6480

v: 7, 161016

v: 8, 9013914

v: 9, 1

v: 10, 117297

v: 11, 32

v: 12, 317

v: 13, 32

v: 14, 32

v: 15, 40310784

v: 16, 1024

v: 17, 8192

v: 18, 79161

v: 19, 16

v: 20, 32

v: 21, 9925

v: 22, 2592

v: 23, 1

v: 24, 328608

v: 25, 162

v: 26, 177434880

v: 27, 799

v: 28, 2500

v: 29, 512

v: 30, 243

v: 31, 18001189

v: 32, 46125920

v: 33, 23654

v: 34, 10945472

v: 35, 116612879

v: 36, 86214

v: 37, 685260

v: 38, 243

v: 39, 16384

v: 40, 14305972

v: 41, 362

v: 42, 1

v: 43, 162

v: 44, 243

v: 45, 32

v: 46, 162

v: 47, 1

v: 48, 248167449


v: 49, 3716128

v: 50, 1

v: 51, 39366

v: 52, 15620

v: 53, 932331

v: 54, 171366

v: 55, 10998060

v: 56, 5184


v: 57, 2319956

v: 58, 40832

v: 59, 1

v: 60, 32





v: 61, 335908944

v: 62, 162

v: 63, 2592

v: 64, 243

v: 65, 1104800

v: 66, 1024





v: 67, 6283484362

v: 68, 1

v: 69, 1

v: 70, 89707

v: 71, 788440

v: 72, 32

v: 73, 40695056

v: 74, 1

v: 75, 7851859056

v: 76, 32

v: 77, 25762

v: 78, 33785616

v: 79, 186624

v: 80, 18549

v: 81, 73387

v: 82, 57529670

v: 83, 1

v: 84, 32

v: 85, 243

v: 86, 19683

v: 87, 768

v: 88, 1

v: 89, 26480766

v: 90, 11572

v: 91, 14671240

v: 92, 198374

v: 93, 1024

v: 94, 32

v: 95, 1

v: 96, 4913

v: 97, 17879521710

v: 98, 512

v: 99, 16
