
r: 750, 800

v: 750, 32

v: 751, 1

v: 752, 1090549

v: 753, 16

v: 754, 512

v: 755, 1024

v: 756, 5004

v: 757, 9604

v: 758, 23654

v: 759, 512

v: 760, 81

v: 761, 512

v: 762, 7776

v: 763, 1

v: 764, 1632

v: 765, 87846

v: 766, 768

v: 767, 1

v: 768, 16

v: 769, 243

v: 770, 98644

v: 771, 5184

v: 772, 316725182

v: 773, 1362234

v: 774, 131885

v: 775, 40000

v: 776, 1024

v: 777, 55

v: 778, 419904

v: 779, 16384

v: 780, 32

v: 781, 19029

v: 782, 9604

v: 783, 1024

v: 784, 32

v: 785, 1024

v: 786, 256

v: 787, 768

v: 788, 6635520

v: 789, 3125

v: 790, 1

v: 791, 6480

v: 792, 5184

v: 793, 98644

v: 794, 32

v: 795, 800830705

v: 796, 162

v: 797, 32

v: 798, 1

v: 799, 5267675007


 => 6395316942

