
v: 800, 1

v: 801, 768

v: 802, 5184

v: 803, 396

v: 804, 9604

v: 805, 21816

v: 806, 506250

v: 807, 162

v: 808, 268912

v: 809, 7066

v: 810, 6973

v: 811, 1024

v: 812, 5184

v: 813, 16

v: 814, 345744

v: 815, 32

v: 816, 32

v: 817, 16

v: 818, 16

v: 819, 8998

v: 820, 5013652

v: 821, 3084

v: 822, 4789575

v: 823, 512

v: 824, 25984272

v: 825, 3363

v: 826, 60000

v: 827, 32

v: 828, 768

v: 829, 49791

v: 830, 1024

v: 831, 8022752

v: 832, 3888

v: 833, 242816

v: 834, 860667230

v: 835, 1172889

v: 836, 256

v: 837, 2136132

v: 838, 14406

v: 839, 32

v: 840, 2009275

v: 841, 1

v: 842, 15896880

v: 843, 106828640

v: 844, 307328

v: 845, 3148250

v: 846, 1

v: 847, 629856

v: 848, 57628880

v: 849, 1173628544

v: 850, 1318662047

v: 851, 4025

v: 852, 189536

v: 853, 162

v: 854, 1258478387

v: 855, 76832

v: 856, 32

v: 857, 95256

v: 858, 162

v: 859, 243

v: 860, 32

v: 861, 1270688

v: 862, 162

v: 863, 26244

v: 864, 2592

v: 865, 232572

v: 866, 918731

v: 867, 1

v: 868, 728

v: 869, 3888

v: 870, 32

v: 871, 2475

v: 872, 10509977

v: 873, 162

v: 874, 1424986

v: 875, 16

v: 876, 1

v: 877, 124416
