
v: 600, 16

v: 601, 58564

v: 602, 512

v: 603, 3906250

v: 604, 14600580

v: 605, 2917215

v: 606, 8192

v: 607, 976685

v: 608, 32

v: 609, 1

v: 610, 361980

v: 611, 32

v: 612, 4518425

v: 613, 1

v: 614, 11715

v: 615, 844355796

v: 616, 1024

v: 617, 32184

v: 618, 21065

v: 619, 475808

v: 620, 1600000

v: 621, 243

v: 622, 484224

v: 623, 1829709

v: 624, 7776

v: 625, 141885806

v: 626, 32

v: 627, 1024

v: 628, 1

v: 629, 759375

v: 630, 1653983

v: 631, 1296

v: 632, 9925

v: 633, 768

v: 634, 1024

v: 635, 32

v: 636, 116012250

v: 637, 512

v: 638, 16

v: 639, 1563852

v: 640, 4444

v: 641, 1024

v: 642, 2592

v: 643, 1944810

v: 644, 6271964

v: 645, 1024

v: 646, 7776

v: 647, 493

v: 648, 16

v: 649, 10250

v: 650, 416726076

v: 651, 32768

v: 652, 32

v: 653, 2500

v: 654, 1

v: 655, 26244

v: 656, 1

v: 657, 2587

v: 658, 1

v: 659, 186624

v: 660, 32

v: 661, 62283

v: 662, 768

v: 663, 60000

v: 664, 162

v: 665, 1

v: 666, 162

v: 667, 1024

v: 668, 162

v: 669, 1

v: 670, 1405

v: 671, 243

v: 672, 24576

v: 673, 256

v: 674, 162

v: 675, 41578

v: 676, 904326

v: 677, 1

v: 678, 7776

v: 679, 512

v: 680, 768

v: 681, 1362126

v: 682, 16

v: 683, 1250

v: 684, 1

v: 685, 7776

v: 686, 2500

v: 687, 285610

v: 688, 32

v: 689, 1

v: 690, 1

v: 691, 1118728

v: 692, 768

v: 693, 512

v: 694, 37264

v: 695, 12438639847

v: 696, 1

v: 697, 44402576

v: 698, 3032677

v: 699, 315619240


