
v: 400, 1

v: 401, 14900338125

v: 402, 759375

v: 403, 30830345

v: 404, 1

v: 405, 43503

v: 406, 243

v: 407, 7981100

v: 408, 3888

v: 409, 230496

v: 410, 243

v: 411, 434514

v: 412, 19683

v: 413, 162

v: 414, 1484349

v: 415, 1103125

v: 416, 243

v: 417, 1

v: 418, 3489399

v: 419, 1119650860

v: 420, 512

v: 421, 1875

v: 422, 7776

v: 423, 1

v: 424, 243

v: 425, 39366

v: 426, 1

v: 427, 52092062

v: 428, 1875

v: 429, 23689

v: 430, 150000000

v: 431, 3888

v: 432, 7776

v: 433, 40000

v: 434, 1875

v: 435, 1600000

v: 436, 455625

v: 437, 162

v: 438, 16

v: 439, 162

v: 440, 81520

v: 441, 4780008

v: 442, 219121041

v: 443, 4910948

v: 444, 187328

v: 445, 987

v: 446, 1

v: 447, 40000

v: 448, 1

v: 449, 7776

v: 450, 124416

v: 451, 3102138768

v: 452, 80000

v: 453, 256

v: 454, 1000209375

v: 455, 240658

v: 456, 8066370420

v: 457, 162

v: 458, 1

v: 459, 94054

v: 460, 307328

v: 461, 24576

v: 462, 16

v: 463, 60118603970

v: 464, 2901475952

v: 465, 27715

v: 466, 2408970

v: 467, 52614918

v: 468, 894405

v: 469, 768

v: 470, 384160

v: 471, 44933

v: 472, 32

v: 473, 1563852

v: 474, 1

v: 475, 527507

v: 476, 1223042310

v: 477, 578595

v: 478, 243

v: 479, 1

v: 480, 32

v: 481, 1

v: 482, 4049

v: 483, 1

v: 484, 27108

v: 485, 27785663

v: 486, 1

v: 487, 124416

v: 488, 268912

v: 489, 20612930507

v: 490, 81

v: 491, 512

v: 492, 243

v: 493, 9303740

v: 494, 16

v: 495, 16384

v: 496, 342732

v: 497, 340392829

v: 498, 68552

v: 499, 284


 => 113962800595

