
r: 350, 400

v: 350, 117241

v: 351, 768

v: 352, 2403

v: 353, 1422

v: 354, 2742998440

v: 355, 1024

v: 356, 32

v: 357, 524288

v: 358, 243

v: 359, 179616

v: 360, 39366

v: 361, 45177

v: 362, 1602768

v: 363, 51834

v: 364, 512

v: 365, 75706175

v: 366, 499399

v: 367, 252924

v: 368, 162

v: 369, 1037

v: 370, 232

v: 371, 32

v: 372, 3888

v: 373, 751689

v: 374, 1024

v: 375, 162

v: 376, 243

v: 377, 768

v: 378, 166072

v: 379, 32

v: 380, 44618

v: 381, 243

v: 382, 16

v: 383, 1

v: 384, 243

v: 385, 9604

v: 386, 18218

v: 387, 228488

v: 388, 32

v: 389, 1

v: 390, 32

v: 391, 16

v: 392, 148397120

v: 393, 2904400

v: 394, 16384

v: 395, 60000

v: 396, 269243466

v: 397, 32

v: 398, 413331

v: 399, 1


 => 3244285219

