
v: 700, 7776

v: 701, 145152

v: 702, 1

v: 703, 1259712

v: 704, 66773520

v: 705, 3220854

v: 706, 12120

v: 707, 2592

v: 708, 100000

v: 709, 1450542

v: 710, 58564

v: 711, 16

v: 712, 1288528

v: 713, 803361376

v: 714, 13950432

v: 715, 2718084

v: 716, 162

v: 717, 9655157

v: 718, 1250

v: 719, 162

v: 720, 104204

v: 721, 163154688

v: 722, 162

v: 723, 169658

v: 724, 2008877004

v: 725, 33833

v: 726, 4717

v: 727, 5191089

v: 728, 5184

v: 729, 4850055

v: 730, 1

v: 731, 15188

v: 732, 6621843924

v: 733, 524288

v: 734, 243

v: 735, 512

v: 736, 32

v: 737, 524288

v: 738, 1370681

v: 739, 1024

v: 740, 243

v: 741, 34

v: 742, 421463847

v: 743, 2333772

v: 744, 3928198

v: 745, 162

v: 746, 41948352
