
v: 300, 473006196

v: 301, 5184

v: 302, 9604

v: 303, 14822092

v: 304, 5020577

v: 305, 62208

v: 306, 27269874

v: 307, 32

v: 308, 207622

v: 309, 1

v: 310, 40176

v: 311, 512

v: 312, 232

v: 313, 1024

v: 314, 512

v: 315, 189536

v: 316, 6480

v: 317, 32768

v: 318, 1420658850

v: 319, 1875

v: 320, 186972

v: 321, 1

v: 322, 26869904

v: 323, 1250

v: 324, 79960

v: 325, 1

v: 326, 2403

v: 327, 236640

v: 328, 287284074

v: 329, 7776

v: 330, 2592

v: 331, 19162385

v: 332, 16384

v: 333, 1

v: 334, 359714310

v: 335, 1

v: 336, 3615104

v: 337, 512

v: 338, 371293

v: 339, 722

v: 340, 7776

v: 341, 7997

v: 342, 1

v: 343, 162

